-------------------------------------------------------------------------------
Test set: inf226.inforum.InforumTest
-------------------------------------------------------------------------------
Tests run: 1, Failures: 0, Errors: 1, Skipped: 0, Time elapsed: 0.391 s <<< FAILURE! - in inf226.inforum.InforumTest
deleteForumMessage  Time elapsed: 0.387 s  <<< ERROR!
org.sqlite.SQLiteException: [SQLITE_ERROR] SQL error or missing database (duplicate column name: password)
	at inf226.inforum.InforumTest.deleteForumMessage(InforumTest.java:11)

