<?xml version="1.0" encoding="UTF-8"?>
<testsuite xmlns:xsi="http://www.w3.org/2001/XMLSchema-instance" xsi:noNamespaceSchemaLocation="https://maven.apache.org/surefire/maven-surefire-plugin/xsd/surefire-test-report.xsd" name="inf226.inforum.InforumTest" time="0.391" tests="1" errors="1" skipped="0" failures="0">
  <properties>
[...]
</properties>
  <testcase name="deleteForumMessage" classname="inf226.inforum.InforumTest" time="0.387">
    <error message="[SQLITE_ERROR] SQL error or missing database (duplicate column name: password)" type="org.sqlite.SQLiteException">org.sqlite.SQLiteException: [SQLITE_ERROR] SQL error or missing database (duplicate column name: password)
	at inf226.inforum.InforumTest.deleteForumMessage(InforumTest.java:11)
</error>
  </testcase>
</testsuite>